  [1m[35m (2.3ms)[0m  [1m[34mSELECT sqlite_version(*)[0m
  [1m[35m (26.2ms)[0m  [1m[35mCREATE TABLE "schema_migrations" ("version" varchar NOT NULL PRIMARY KEY)[0m
  [1m[35m (9.6ms)[0m  [1m[35mCREATE TABLE "ar_internal_metadata" ("key" varchar NOT NULL PRIMARY KEY, "value" varchar, "created_at" datetime(6) NOT NULL, "updated_at" datetime(6) NOT NULL)[0m
  [1m[36mActiveRecord::SchemaMigration Pluck (0.3ms)[0m  [1m[34mSELECT "schema_migrations"."version" FROM "schema_migrations" ORDER BY "schema_migrations"."version" ASC[0m
Migrating to DeviseCreateUsers (20220608192211)
  [1m[36mTRANSACTION (0.1ms)[0m  [1m[36mbegin transaction[0m
  [1m[35m (0.5ms)[0m  [1m[35mCREATE TABLE "users" ("id" integer PRIMARY KEY AUTOINCREMENT NOT NULL, "email" varchar DEFAULT '' NOT NULL, "encrypted_password" varchar DEFAULT '' NOT NULL, "reset_password_token" varchar, "reset_password_sent_at" datetime(6), "remember_created_at" datetime(6), "created_at" datetime(6) NOT NULL, "updated_at" datetime(6) NOT NULL)[0m
  [1m[35m (0.3ms)[0m  [1m[35mCREATE UNIQUE INDEX "index_users_on_email" ON "users" ("email")[0m
  [1m[35m (0.3ms)[0m  [1m[35mCREATE UNIQUE INDEX "index_users_on_reset_password_token" ON "users" ("reset_password_token")[0m
  [1m[36mActiveRecord::SchemaMigration Create (0.4ms)[0m  [1m[32mINSERT INTO "schema_migrations" ("version") VALUES (?)[0m  [["version", "20220608192211"]]
  [1m[36mTRANSACTION (10.5ms)[0m  [1m[36mcommit transaction[0m
  [1m[36mActiveRecord::InternalMetadata Load (0.3ms)[0m  [1m[34mSELECT "ar_internal_metadata".* FROM "ar_internal_metadata" WHERE "ar_internal_metadata"."key" = ? LIMIT ?[0m  [["key", "environment"], ["LIMIT", 1]]
  [1m[36mTRANSACTION (0.1ms)[0m  [1m[36mbegin transaction[0m
  [1m[36mActiveRecord::InternalMetadata Create (0.3ms)[0m  [1m[32mINSERT INTO "ar_internal_metadata" ("key", "value", "created_at", "updated_at") VALUES (?, ?, ?, ?)[0m  [["key", "environment"], ["value", "development"], ["created_at", "2022-10-06 08:49:42.130320"], ["updated_at", "2022-10-06 08:49:42.130320"]]
  [1m[36mTRANSACTION (7.5ms)[0m  [1m[36mcommit transaction[0m
  [1m[35m (0.1ms)[0m  [1m[34mSELECT sqlite_version(*)[0m
  [1m[36mActiveRecord::SchemaMigration Pluck (0.1ms)[0m  [1m[34mSELECT "schema_migrations"."version" FROM "schema_migrations" ORDER BY "schema_migrations"."version" ASC[0m
Started GET "/" for ::1 at 2022-10-06 11:50:08 +0300
  [1m[35m (1.2ms)[0m  [1m[34mSELECT sqlite_version(*)[0m
  [1m[36mActiveRecord::SchemaMigration Pluck (0.6ms)[0m  [1m[34mSELECT "schema_migrations"."version" FROM "schema_migrations" ORDER BY "schema_migrations"."version" ASC[0m
Processing by HomeController#index as HTML
  Rendering layout layouts/application.html.erb
  Rendering home/index.html.erb within layouts/application
  Rendered home/index.html.erb within layouts/application (Duration: 3.8ms | Allocations: 665)
  Rendered layout layouts/application.html.erb (Duration: 9760.4ms | Allocations: 137398)
Completed 200 OK in 9788ms (Views: 9768.4ms | ActiveRecord: 0.0ms | Allocations: 141982)


Started GET "/users/sign_up" for ::1 at 2022-10-06 11:50:23 +0300
Processing by Devise::RegistrationsController#new as HTML
  Rendering layout layouts/application.html.erb
  Rendering devise/registrations/new.html.erb within layouts/application
  Rendered devise/shared/_error_messages.html.erb (Duration: 1.0ms | Allocations: 270)
  Rendered devise/shared/_links.html.erb (Duration: 2.1ms | Allocations: 621)
  Rendered devise/registrations/new.html.erb within layouts/application (Duration: 46.3ms | Allocations: 7889)
  Rendered layout layouts/application.html.erb (Duration: 57.7ms | Allocations: 14177)
Completed 200 OK in 98ms (Views: 61.7ms | ActiveRecord: 2.2ms | Allocations: 21408)


Started POST "/users" for ::1 at 2022-10-06 11:50:44 +0300
Processing by Devise::RegistrationsController#create as TURBO_STREAM
  Parameters: {"authenticity_token"=>"[FILTERED]", "user"=>{"email"=>"roma@gmail.com", "password"=>"[FILTERED]", "password_confirmation"=>"[FILTERED]"}, "commit"=>"Sign up"}
  [1m[36mTRANSACTION (0.2ms)[0m  [1m[36mbegin transaction[0m
  [1m[36mUser Exists? (0.7ms)[0m  [1m[34mSELECT 1 AS one FROM "users" WHERE "users"."email" = ? LIMIT ?[0m  [["email", "roma@gmail.com"], ["LIMIT", 1]]
  [1m[36mUser Create (1.4ms)[0m  [1m[32mINSERT INTO "users" ("email", "encrypted_password", "reset_password_token", "reset_password_sent_at", "remember_created_at", "created_at", "updated_at") VALUES (?, ?, ?, ?, ?, ?, ?)[0m  [["email", "roma@gmail.com"], ["encrypted_password", "[FILTERED]"], ["reset_password_token", "[FILTERED]"], ["reset_password_sent_at", "[FILTERED]"], ["remember_created_at", nil], ["created_at", "2022-10-06 08:50:45.444368"], ["updated_at", "2022-10-06 08:50:45.444368"]]
  [1m[36mTRANSACTION (7.9ms)[0m  [1m[36mcommit transaction[0m
Redirected to 
Completed 500 Internal Server Error in 477ms (ActiveRecord: 10.2ms | Allocations: 17492)


  
NoMethodError (undefined method `user_url' for #<Devise::RegistrationsController:0x0000000000d200>

              recipient.public_send(method, *args)
                       ^^^^^^^^^^^^):
  
actionpack (7.0.3) lib/action_dispatch/routing/polymorphic_routes.rb:231:in `public_send'
actionpack (7.0.3) lib/action_dispatch/routing/polymorphic_routes.rb:231:in `polymorphic_method'
actionpack (7.0.3) lib/action_dispatch/routing/polymorphic_routes.rb:116:in `polymorphic_url'
actionpack (7.0.3) lib/action_dispatch/routing/url_for.rb:187:in `full_url_for'
actionpack (7.0.3) lib/action_dispatch/routing/url_for.rb:170:in `url_for'
actionpack (7.0.3) lib/action_controller/metal/redirecting.rb:144:in `_compute_redirect_to_location'
actionpack (7.0.3) lib/action_controller/metal/redirecting.rb:89:in `redirect_to'
actionpack (7.0.3) lib/action_controller/metal/flash.rb:62:in `redirect_to'
actionpack (7.0.3) lib/action_controller/metal/instrumentation.rb:42:in `block in redirect_to'
activesupport (7.0.3) lib/active_support/notifications.rb:206:in `block in instrument'
activesupport (7.0.3) lib/active_support/notifications/instrumenter.rb:24:in `instrument'
activesupport (7.0.3) lib/active_support/notifications.rb:206:in `instrument'
actionpack (7.0.3) lib/action_controller/metal/instrumentation.rb:41:in `redirect_to'
responders (3.0.1) lib/action_controller/responder.rb:147:in `redirect_to'
responders (3.0.1) lib/action_controller/responder.rb:207:in `navigation_behavior'
responders (3.0.1) lib/action_controller/responder.rb:174:in `rescue in to_html'
responders (3.0.1) lib/action_controller/responder.rb:171:in `to_html'
responders (3.0.1) lib/action_controller/responder.rb:165:in `respond'
responders (3.0.1) lib/action_controller/responder.rb:158:in `call'
responders (3.0.1) lib/action_controller/respond_with.rb:213:in `respond_with'
devise (4.8.1) app/controllers/devise/registrations_controller.rb:25:in `create'
actionpack (7.0.3) lib/action_controller/metal/basic_implicit_render.rb:6:in `send_action'
actionpack (7.0.3) lib/abstract_controller/base.rb:215:in `process_action'
actionpack (7.0.3) lib/action_controller/metal/rendering.rb:53:in `process_action'
actionpack (7.0.3) lib/abstract_controller/callbacks.rb:234:in `block in process_action'
activesupport (7.0.3) lib/active_support/callbacks.rb:118:in `block in run_callbacks'
actiontext (7.0.3) lib/action_text/rendering.rb:20:in `with_renderer'
actiontext (7.0.3) lib/action_text/engine.rb:69:in `block (4 levels) in <class:Engine>'
activesupport (7.0.3) lib/active_support/callbacks.rb:127:in `instance_exec'
activesupport (7.0.3) lib/active_support/callbacks.rb:127:in `block in run_callbacks'
activesupport (7.0.3) lib/active_support/callbacks.rb:138:in `run_callbacks'
actionpack (7.0.3) lib/abstract_controller/callbacks.rb:233:in `process_action'
actionpack (7.0.3) lib/action_controller/metal/rescue.rb:22:in `process_action'
actionpack (7.0.3) lib/action_controller/metal/instrumentation.rb:67:in `block in process_action'
activesupport (7.0.3) lib/active_support/notifications.rb:206:in `block in instrument'
activesupport (7.0.3) lib/active_support/notifications/instrumenter.rb:24:in `instrument'
activesupport (7.0.3) lib/active_support/notifications.rb:206:in `instrument'
actionpack (7.0.3) lib/action_controller/metal/instrumentation.rb:66:in `process_action'
actionpack (7.0.3) lib/action_controller/metal/params_wrapper.rb:259:in `process_action'
activerecord (7.0.3) lib/active_record/railties/controller_runtime.rb:27:in `process_action'
actionpack (7.0.3) lib/abstract_controller/base.rb:151:in `process'
actionview (7.0.3) lib/action_view/rendering.rb:39:in `process'
actionpack (7.0.3) lib/action_controller/metal.rb:188:in `dispatch'
actionpack (7.0.3) lib/action_controller/metal.rb:251:in `dispatch'
actionpack (7.0.3) lib/action_dispatch/routing/route_set.rb:49:in `dispatch'
actionpack (7.0.3) lib/action_dispatch/routing/route_set.rb:32:in `serve'
actionpack (7.0.3) lib/action_dispatch/routing/mapper.rb:18:in `block in <class:Constraints>'
actionpack (7.0.3) lib/action_dispatch/routing/mapper.rb:48:in `serve'
actionpack (7.0.3) lib/action_dispatch/journey/router.rb:50:in `block in serve'
actionpack (7.0.3) lib/action_dispatch/journey/router.rb:32:in `each'
actionpack (7.0.3) lib/action_dispatch/journey/router.rb:32:in `serve'
actionpack (7.0.3) lib/action_dispatch/routing/route_set.rb:852:in `call'
warden (1.2.9) lib/warden/manager.rb:36:in `block in call'
warden (1.2.9) lib/warden/manager.rb:34:in `catch'
warden (1.2.9) lib/warden/manager.rb:34:in `call'
rack (2.2.3.1) lib/rack/tempfile_reaper.rb:15:in `call'
rack (2.2.3.1) lib/rack/etag.rb:27:in `call'
rack (2.2.3.1) lib/rack/conditional_get.rb:40:in `call'
rack (2.2.3.1) lib/rack/head.rb:12:in `call'
actionpack (7.0.3) lib/action_dispatch/http/permissions_policy.rb:38:in `call'
actionpack (7.0.3) lib/action_dispatch/http/content_security_policy.rb:36:in `call'
rack (2.2.3.1) lib/rack/session/abstract/id.rb:266:in `context'
rack (2.2.3.1) lib/rack/session/abstract/id.rb:260:in `call'
actionpack (7.0.3) lib/action_dispatch/middleware/cookies.rb:697:in `call'
activerecord (7.0.3) lib/active_record/migration.rb:603:in `call'
actionpack (7.0.3) lib/action_dispatch/middleware/callbacks.rb:27:in `block in call'
activesupport (7.0.3) lib/active_support/callbacks.rb:99:in `run_callbacks'
actionpack (7.0.3) lib/action_dispatch/middleware/callbacks.rb:26:in `call'
actionpack (7.0.3) lib/action_dispatch/middleware/executor.rb:14:in `call'
actionpack (7.0.3) lib/action_dispatch/middleware/actionable_exceptions.rb:17:in `call'
actionpack (7.0.3) lib/action_dispatch/middleware/debug_exceptions.rb:28:in `call'
web-console (4.2.0) lib/web_console/middleware.rb:132:in `call_app'
web-console (4.2.0) lib/web_console/middleware.rb:28:in `block in call'
web-console (4.2.0) lib/web_console/middleware.rb:17:in `catch'
web-console (4.2.0) lib/web_console/middleware.rb:17:in `call'
actionpack (7.0.3) lib/action_dispatch/middleware/show_exceptions.rb:26:in `call'
railties (7.0.3) lib/rails/rack/logger.rb:40:in `call_app'
railties (7.0.3) lib/rails/rack/logger.rb:25:in `block in call'
activesupport (7.0.3) lib/active_support/tagged_logging.rb:114:in `block in tagged'
activesupport (7.0.3) lib/active_support/tagged_logging.rb:38:in `tagged'
activesupport (7.0.3) lib/active_support/tagged_logging.rb:114:in `tagged'
railties (7.0.3) lib/rails/rack/logger.rb:25:in `call'
sprockets-rails (3.4.2) lib/sprockets/rails/quiet_assets.rb:13:in `call'
actionpack (7.0.3) lib/action_dispatch/middleware/remote_ip.rb:93:in `call'
actionpack (7.0.3) lib/action_dispatch/middleware/request_id.rb:26:in `call'
rack (2.2.3.1) lib/rack/method_override.rb:24:in `call'
rack (2.2.3.1) lib/rack/runtime.rb:22:in `call'
activesupport (7.0.3) lib/active_support/cache/strategy/local_cache_middleware.rb:29:in `call'
actionpack (7.0.3) lib/action_dispatch/middleware/server_timing.rb:20:in `call'
actionpack (7.0.3) lib/action_dispatch/middleware/executor.rb:14:in `call'
actionpack (7.0.3) lib/action_dispatch/middleware/static.rb:23:in `call'
rack (2.2.3.1) lib/rack/sendfile.rb:110:in `call'
actionpack (7.0.3) lib/action_dispatch/middleware/host_authorization.rb:137:in `call'
railties (7.0.3) lib/rails/engine.rb:530:in `call'
puma (5.6.4) lib/puma/configuration.rb:252:in `call'
puma (5.6.4) lib/puma/request.rb:77:in `block in handle_request'
puma (5.6.4) lib/puma/thread_pool.rb:340:in `with_force_shutdown'
puma (5.6.4) lib/puma/request.rb:76:in `handle_request'
puma (5.6.4) lib/puma/server.rb:441:in `process_client'
puma (5.6.4) lib/puma/thread_pool.rb:147:in `block in spawn_thread'
Started GET "/users/sign_up" for ::1 at 2022-10-06 11:52:47 +0300
Processing by Devise::RegistrationsController#new as HTML
  Rendering layout layouts/application.html.erb
  Rendering devise/registrations/new.html.erb within layouts/application
  Rendered devise/shared/_error_messages.html.erb (Duration: 0.1ms | Allocations: 22)
  Rendered devise/shared/_links.html.erb (Duration: 0.3ms | Allocations: 87)
  Rendered devise/registrations/new.html.erb within layouts/application (Duration: 6.6ms | Allocations: 1428)
  Rendered layout layouts/application.html.erb (Duration: 28.6ms | Allocations: 7638)
Completed 200 OK in 33ms (Views: 29.8ms | ActiveRecord: 0.0ms | Allocations: 8906)


Started POST "/users" for ::1 at 2022-10-06 11:52:58 +0300
Processing by Devise::RegistrationsController#create as TURBO_STREAM
  Parameters: {"authenticity_token"=>"[FILTERED]", "user"=>{"email"=>"roma@gmail.com", "password"=>"[FILTERED]", "password_confirmation"=>"[FILTERED]"}, "commit"=>"Sign up"}
  [1m[36mTRANSACTION (0.1ms)[0m  [1m[36mbegin transaction[0m
  [1m[36mUser Exists? (0.2ms)[0m  [1m[34mSELECT 1 AS one FROM "users" WHERE "users"."email" = ? LIMIT ?[0m  [["email", "roma@gmail.com"], ["LIMIT", 1]]
  [1m[36mTRANSACTION (0.1ms)[0m  [1m[31mrollback transaction[0m
  Rendering layout layouts/application.html.erb
  Rendering devise/registrations/new.html.erb within layouts/application
  Rendered devise/shared/_error_messages.html.erb (Duration: 1.5ms | Allocations: 576)
  Rendered devise/shared/_links.html.erb (Duration: 0.2ms | Allocations: 85)
  Rendered devise/registrations/new.html.erb within layouts/application (Duration: 7.4ms | Allocations: 2450)
  Rendered layout layouts/application.html.erb (Duration: 18.2ms | Allocations: 8532)
Completed 200 OK in 452ms (Views: 18.8ms | ActiveRecord: 0.4ms | Allocations: 14144)


Started POST "/users" for ::1 at 2022-10-06 11:53:01 +0300
Processing by Devise::RegistrationsController#create as TURBO_STREAM
  Parameters: {"authenticity_token"=>"[FILTERED]", "user"=>{"email"=>"roma@gmail.com", "password"=>"[FILTERED]", "password_confirmation"=>"[FILTERED]"}, "commit"=>"Sign up"}
  [1m[36mTRANSACTION (0.2ms)[0m  [1m[36mbegin transaction[0m
  [1m[36mUser Exists? (0.2ms)[0m  [1m[34mSELECT 1 AS one FROM "users" WHERE "users"."email" = ? LIMIT ?[0m  [["email", "roma@gmail.com"], ["LIMIT", 1]]
  [1m[36mTRANSACTION (0.1ms)[0m  [1m[31mrollback transaction[0m
  Rendering layout layouts/application.html.erb
  Rendering devise/registrations/new.html.erb within layouts/application
  Rendered devise/shared/_error_messages.html.erb (Duration: 1.0ms | Allocations: 465)
  Rendered devise/shared/_links.html.erb (Duration: 0.2ms | Allocations: 85)
  Rendered devise/registrations/new.html.erb within layouts/application (Duration: 5.5ms | Allocations: 2327)
  Rendered layout layouts/application.html.erb (Duration: 16.3ms | Allocations: 8407)
Completed 200 OK in 431ms (Views: 16.9ms | ActiveRecord: 0.5ms | Allocations: 13779)


Started POST "/users" for ::1 at 2022-10-06 11:53:03 +0300
Processing by Devise::RegistrationsController#create as TURBO_STREAM
  Parameters: {"authenticity_token"=>"[FILTERED]", "user"=>{"email"=>"roma@gmail.com", "password"=>"[FILTERED]", "password_confirmation"=>"[FILTERED]"}, "commit"=>"Sign up"}
  [1m[36mTRANSACTION (0.1ms)[0m  [1m[36mbegin transaction[0m
  [1m[36mUser Exists? (0.3ms)[0m  [1m[34mSELECT 1 AS one FROM "users" WHERE "users"."email" = ? LIMIT ?[0m  [["email", "roma@gmail.com"], ["LIMIT", 1]]
  [1m[36mTRANSACTION (0.1ms)[0m  [1m[31mrollback transaction[0m
  Rendering layout layouts/application.html.erb
  Rendering devise/registrations/new.html.erb within layouts/application
  Rendered devise/shared/_error_messages.html.erb (Duration: 2.0ms | Allocations: 465)
  Rendered devise/shared/_links.html.erb (Duration: 0.3ms | Allocations: 85)
  Rendered devise/registrations/new.html.erb within layouts/application (Duration: 11.0ms | Allocations: 2327)
  Rendered layout layouts/application.html.erb (Duration: 23.2ms | Allocations: 8408)
Completed 200 OK in 461ms (Views: 24.1ms | ActiveRecord: 0.5ms | Allocations: 13787)


Started POST "/users" for ::1 at 2022-10-06 11:53:04 +0300
Processing by Devise::RegistrationsController#create as TURBO_STREAM
  Parameters: {"authenticity_token"=>"[FILTERED]", "user"=>{"email"=>"roma@gmail.com", "password"=>"[FILTERED]", "password_confirmation"=>"[FILTERED]"}, "commit"=>"Sign up"}
  [1m[36mTRANSACTION (0.1ms)[0m  [1m[36mbegin transaction[0m
  [1m[36mUser Exists? (1.3ms)[0m  [1m[34mSELECT 1 AS one FROM "users" WHERE "users"."email" = ? LIMIT ?[0m  [["email", "roma@gmail.com"], ["LIMIT", 1]]
  [1m[36mTRANSACTION (0.1ms)[0m  [1m[31mrollback transaction[0m
  Rendering layout layouts/application.html.erb
  Rendering devise/registrations/new.html.erb within layouts/application
  Rendered devise/shared/_error_messages.html.erb (Duration: 1.3ms | Allocations: 465)
  Rendered devise/shared/_links.html.erb (Duration: 0.2ms | Allocations: 85)
  Rendered devise/registrations/new.html.erb within layouts/application (Duration: 6.0ms | Allocations: 2327)
  Rendered layout layouts/application.html.erb (Duration: 20.9ms | Allocations: 8408)
Completed 200 OK in 455ms (Views: 21.8ms | ActiveRecord: 1.6ms | Allocations: 13790)


Started GET "/users/sign_in" for ::1 at 2022-10-06 11:53:05 +0300
Processing by Devise::SessionsController#new as HTML
  Rendering layout layouts/application.html.erb
  Rendering devise/sessions/new.html.erb within layouts/application
  Rendered devise/shared/_links.html.erb (Duration: 0.8ms | Allocations: 283)
  Rendered devise/sessions/new.html.erb within layouts/application (Duration: 9.4ms | Allocations: 2595)
  Rendered layout layouts/application.html.erb (Duration: 22.4ms | Allocations: 8884)
Completed 200 OK in 28ms (Views: 24.7ms | ActiveRecord: 0.0ms | Allocations: 10928)


Started POST "/users/sign_in" for ::1 at 2022-10-06 11:53:08 +0300
Processing by Devise::SessionsController#create as TURBO_STREAM
  Parameters: {"authenticity_token"=>"[FILTERED]", "user"=>{"email"=>"roma@gmail.com", "password"=>"[FILTERED]", "remember_me"=>"0"}, "commit"=>"Log in"}
  [1m[36mUser Load (0.5ms)[0m  [1m[34mSELECT "users".* FROM "users" WHERE "users"."email" = ? ORDER BY "users"."id" ASC LIMIT ?[0m  [["email", "roma@gmail.com"], ["LIMIT", 1]]
Redirected to http://localhost:3000/
Completed 302 Found in 415ms (ActiveRecord: 0.5ms | Allocations: 3993)


Started GET "/" for ::1 at 2022-10-06 11:53:09 +0300
Processing by HomeController#index as TURBO_STREAM
  Rendering layout layouts/application.html.erb
  Rendering home/index.html.erb within layouts/application
  Rendered home/index.html.erb within layouts/application (Duration: 0.2ms | Allocations: 85)
  Rendered layout layouts/application.html.erb (Duration: 14.8ms | Allocations: 7103)
Completed 200 OK in 16ms (Views: 15.4ms | ActiveRecord: 0.0ms | Allocations: 7443)


Started GET "/users/sign_up" for ::1 at 2022-10-06 11:53:13 +0300
Processing by Devise::RegistrationsController#new as HTML
  [1m[36mUser Load (0.3ms)[0m  [1m[34mSELECT "users".* FROM "users" WHERE "users"."id" = ? ORDER BY "users"."id" ASC LIMIT ?[0m  [["id", 1], ["LIMIT", 1]]
Redirected to http://localhost:3000/
Filter chain halted as :require_no_authentication rendered or redirected
Completed 302 Found in 15ms (ActiveRecord: 0.3ms | Allocations: 2220)


Started GET "/" for ::1 at 2022-10-06 11:53:13 +0300
Processing by HomeController#index as HTML
  Rendering layout layouts/application.html.erb
  Rendering home/index.html.erb within layouts/application
  Rendered home/index.html.erb within layouts/application (Duration: 0.2ms | Allocations: 66)
  Rendered layout layouts/application.html.erb (Duration: 13.5ms | Allocations: 6945)
Completed 200 OK in 15ms (Views: 14.6ms | ActiveRecord: 0.0ms | Allocations: 7218)


  [1m[35m (0.8ms)[0m  [1m[34mSELECT sqlite_version(*)[0m
  [1m[36mActiveRecord::SchemaMigration Pluck (0.2ms)[0m  [1m[34mSELECT "schema_migrations"."version" FROM "schema_migrations" ORDER BY "schema_migrations"."version" ASC[0m
  [1m[36mActiveRecord::InternalMetadata Pluck (0.2ms)[0m  [1m[34mSELECT "ar_internal_metadata"."value" FROM "ar_internal_metadata" WHERE "ar_internal_metadata"."key" = ? LIMIT ?[0m  [["key", "environment"], ["LIMIT", 1]]
  [1m[36mActiveRecord::SchemaMigration Pluck (0.1ms)[0m  [1m[34mSELECT "schema_migrations"."version" FROM "schema_migrations" ORDER BY "schema_migrations"."version" ASC[0m
  [1m[36mActiveRecord::InternalMetadata Pluck (0.1ms)[0m  [1m[34mSELECT "ar_internal_metadata"."value" FROM "ar_internal_metadata" WHERE "ar_internal_metadata"."key" = ? LIMIT ?[0m  [["key", "environment"], ["LIMIT", 1]]
  [1m[36mActiveRecord::SchemaMigration Pluck (0.1ms)[0m  [1m[34mSELECT "schema_migrations"."version" FROM "schema_migrations" ORDER BY "schema_migrations"."version" ASC[0m
  [1m[36mActiveRecord::InternalMetadata Pluck (0.1ms)[0m  [1m[34mSELECT "ar_internal_metadata"."value" FROM "ar_internal_metadata" WHERE "ar_internal_metadata"."key" = ? LIMIT ?[0m  [["key", "environment"], ["LIMIT", 1]]
  [1m[35m (0.1ms)[0m  [1m[34mSELECT sqlite_version(*)[0m
  [1m[35m (0.1ms)[0m  [1m[34mSELECT sqlite_version(*)[0m
  [1m[35m (0.1ms)[0m  [1m[34mSELECT sqlite_version(*)[0m
  [1m[35m (11.2ms)[0m  [1m[35mCREATE TABLE "schema_migrations" ("version" varchar NOT NULL PRIMARY KEY)[0m
  [1m[35m (9.6ms)[0m  [1m[35mCREATE TABLE "ar_internal_metadata" ("key" varchar NOT NULL PRIMARY KEY, "value" varchar, "created_at" datetime(6) NOT NULL, "updated_at" datetime(6) NOT NULL)[0m
  [1m[36mActiveRecord::SchemaMigration Pluck (0.5ms)[0m  [1m[34mSELECT "schema_migrations"."version" FROM "schema_migrations" ORDER BY "schema_migrations"."version" ASC[0m
Migrating to DeviseCreateUsers (20220608192211)
  [1m[36mTRANSACTION (0.3ms)[0m  [1m[36mbegin transaction[0m
  [1m[35m (0.4ms)[0m  [1m[35mCREATE TABLE "users" ("id" integer PRIMARY KEY AUTOINCREMENT NOT NULL, "email" varchar DEFAULT '' NOT NULL, "encrypted_password" varchar DEFAULT '' NOT NULL, "reset_password_token" varchar, "reset_password_sent_at" datetime(6), "remember_created_at" datetime(6), "created_at" datetime(6) NOT NULL, "updated_at" datetime(6) NOT NULL)[0m
  [1m[35m (0.2ms)[0m  [1m[35mCREATE UNIQUE INDEX "index_users_on_email" ON "users" ("email")[0m
  [1m[35m (0.2ms)[0m  [1m[35mCREATE UNIQUE INDEX "index_users_on_reset_password_token" ON "users" ("reset_password_token")[0m
  [1m[36mActiveRecord::SchemaMigration Create (0.2ms)[0m  [1m[32mINSERT INTO "schema_migrations" ("version") VALUES (?)[0m  [["version", "20220608192211"]]
  [1m[36mTRANSACTION (9.8ms)[0m  [1m[36mcommit transaction[0m
  [1m[36mActiveRecord::InternalMetadata Load (0.3ms)[0m  [1m[34mSELECT "ar_internal_metadata".* FROM "ar_internal_metadata" WHERE "ar_internal_metadata"."key" = ? LIMIT ?[0m  [["key", "environment"], ["LIMIT", 1]]
  [1m[36mTRANSACTION (0.1ms)[0m  [1m[36mbegin transaction[0m
  [1m[36mActiveRecord::InternalMetadata Create (0.3ms)[0m  [1m[32mINSERT INTO "ar_internal_metadata" ("key", "value", "created_at", "updated_at") VALUES (?, ?, ?, ?)[0m  [["key", "environment"], ["value", "development"], ["created_at", "2022-10-06 08:53:47.974452"], ["updated_at", "2022-10-06 08:53:47.974452"]]
  [1m[36mTRANSACTION (7.8ms)[0m  [1m[36mcommit transaction[0m
  [1m[35m (0.1ms)[0m  [1m[34mSELECT sqlite_version(*)[0m
  [1m[36mActiveRecord::SchemaMigration Pluck (0.1ms)[0m  [1m[34mSELECT "schema_migrations"."version" FROM "schema_migrations" ORDER BY "schema_migrations"."version" ASC[0m
Started GET "/" for ::1 at 2022-10-06 11:53:56 +0300
  [1m[35m (0.7ms)[0m  [1m[34mSELECT sqlite_version(*)[0m
  [1m[36mActiveRecord::SchemaMigration Pluck (0.2ms)[0m  [1m[34mSELECT "schema_migrations"."version" FROM "schema_migrations" ORDER BY "schema_migrations"."version" ASC[0m
Processing by HomeController#index as HTML
  Rendering layout layouts/application.html.erb
  Rendering home/index.html.erb within layouts/application
  Rendered home/index.html.erb within layouts/application (Duration: 4.2ms | Allocations: 557)
  Rendered layout layouts/application.html.erb (Duration: 279.4ms | Allocations: 45588)
Completed 200 OK in 299ms (Views: 286.2ms | ActiveRecord: 0.0ms | Allocations: 48941)


Started GET "/users/sign_up" for ::1 at 2022-10-06 11:53:59 +0300
Processing by Devise::RegistrationsController#new as HTML
  [1m[36mUser Load (0.5ms)[0m  [1m[34mSELECT "users".* FROM "users" WHERE "users"."id" = ? ORDER BY "users"."id" ASC LIMIT ?[0m  [["id", 1], ["LIMIT", 1]]
  Rendering layout layouts/application.html.erb
  Rendering devise/registrations/new.html.erb within layouts/application
  Rendered devise/shared/_error_messages.html.erb (Duration: 1.3ms | Allocations: 270)
  Rendered devise/shared/_links.html.erb (Duration: 2.6ms | Allocations: 622)
  Rendered devise/registrations/new.html.erb within layouts/application (Duration: 25.6ms | Allocations: 5250)
  Rendered layout layouts/application.html.erb (Duration: 44.2ms | Allocations: 11549)
Completed 200 OK in 97ms (Views: 48.3ms | ActiveRecord: 1.9ms | Allocations: 21531)


Started POST "/users" for ::1 at 2022-10-06 11:54:11 +0300
Processing by Devise::RegistrationsController#create as TURBO_STREAM
  Parameters: {"authenticity_token"=>"[FILTERED]", "user"=>{"email"=>"roma@gmail.com", "password"=>"[FILTERED]", "password_confirmation"=>"[FILTERED]"}, "commit"=>"Sign up"}
  [1m[36mTRANSACTION (0.1ms)[0m  [1m[36mbegin transaction[0m
  [1m[36mUser Exists? (0.4ms)[0m  [1m[34mSELECT 1 AS one FROM "users" WHERE "users"."email" = ? LIMIT ?[0m  [["email", "roma@gmail.com"], ["LIMIT", 1]]
  [1m[36mUser Create (0.5ms)[0m  [1m[32mINSERT INTO "users" ("email", "encrypted_password", "reset_password_token", "reset_password_sent_at", "remember_created_at", "created_at", "updated_at") VALUES (?, ?, ?, ?, ?, ?, ?)[0m  [["email", "roma@gmail.com"], ["encrypted_password", "[FILTERED]"], ["reset_password_token", "[FILTERED]"], ["reset_password_sent_at", "[FILTERED]"], ["remember_created_at", nil], ["created_at", "2022-10-06 08:54:11.903443"], ["updated_at", "2022-10-06 08:54:11.903443"]]
  [1m[36mTRANSACTION (7.6ms)[0m  [1m[36mcommit transaction[0m
Redirected to http://localhost:3000/
Completed 302 Found in 461ms (ActiveRecord: 8.6ms | Allocations: 9829)


Started GET "/" for ::1 at 2022-10-06 11:54:11 +0300
Processing by HomeController#index as TURBO_STREAM
  Rendering layout layouts/application.html.erb
  Rendering home/index.html.erb within layouts/application
  Rendered home/index.html.erb within layouts/application (Duration: 0.4ms | Allocations: 88)
  Rendered layout layouts/application.html.erb (Duration: 14.6ms | Allocations: 7138)
Completed 200 OK in 16ms (Views: 15.5ms | ActiveRecord: 0.0ms | Allocations: 7509)


Started GET "/" for ::1 at 2022-10-06 11:57:16 +0300
Processing by HomeController#index as HTML
  Rendering layout layouts/application.html.erb
  Rendering home/index.html.erb within layouts/application
  Rendered home/index.html.erb within layouts/application (Duration: 3.2ms | Allocations: 1224)
  Rendered layout layouts/application.html.erb (Duration: 4.1ms | Allocations: 1320)
Completed 500 Internal Server Error in 10ms (ActiveRecord: 0.0ms | Allocations: 2184)


  
ActionView::SyntaxErrorInTemplate (Encountered a syntax error while rendering template: check <div class="d-flex flex-column justify-content-center align-items-center pt-5">
    <h1 class="">Welcome</h1>
    <h3>Rails 7 skeleton app with Devise and Bootstrap</h3>
    <%= link_to "Sign Up", new_user_registration_path, class: "btn btn-lg btn-primary rounded-pill" %>
    <%= link_to "log out", destroy_user_session_path, data{turbo_method: :delete,
    turbo_confirm: "are you sure?"}  %>
</div>
):
1:    <div class="d-flex flex-column justify-content-center align-items-center pt-5">
2:        <h1 class="">Welcome</h1>
3:        <h3>Rails 7 skeleton app with Devise and Bootstrap</h3>
4:        <%= link_to "Sign Up", new_user_registration_path, class: "btn btn-lg btn-primary rounded-pill" %>
5:        <%= link_to "log out", destroy_user_session_path, data{turbo_method: :delete,
6:        turbo_confirm: "are you sure?"}  %>
7:    </div>
  
app/views/home/index.html.erb:5: syntax error, unexpected ':', expecting '}'
app/views/home/index.html.erb:6: syntax error, unexpected '}', expecting ')'
app/views/home/index.html.erb:9: syntax error, unexpected `end', expecting ')'
app/views/home/index.html.erb:5: syntax error, unexpected ':', expecting '}'
app/views/home/index.html.erb:6: syntax error, unexpected '}', expecting ')'
app/views/home/index.html.erb:9: syntax error, unexpected `end', expecting ')'
app/views/home/index.html.erb:5: syntax error, unexpected ':', expecting '}'
app/views/home/index.html.erb:6: syntax error, unexpected '}', expecting ')'
app/views/home/index.html.erb:9: syntax error, unexpected `end', expecting ')'
app/views/home/index.html.erb:5: syntax error, unexpected ':', expecting '}'
app/views/home/index.html.erb:6: syntax error, unexpected '}', expecting ')'
app/views/home/index.html.erb:9: syntax error, unexpected `end', expecting ')'
app/views/home/index.html.erb:5: syntax error, unexpected ':', expecting '}'
app/views/home/index.html.erb:6: syntax error, unexpected '}', expecting ')'
app/views/home/index.html.erb:9: syntax error, unexpected `end', expecting ')'
app/views/home/index.html.erb:5: syntax error, unexpected ':', expecting '}'
app/views/home/index.html.erb:6: syntax error, unexpected '}', expecting ')'
app/views/home/index.html.erb:9: syntax error, unexpected `end', expecting ')'
Started GET "/" for ::1 at 2022-10-06 11:58:16 +0300
Processing by HomeController#index as HTML
  Rendering layout layouts/application.html.erb
  Rendering home/index.html.erb within layouts/application
  Rendered home/index.html.erb within layouts/application (Duration: 2.2ms | Allocations: 356)
  Rendered layout layouts/application.html.erb (Duration: 31.3ms | Allocations: 7746)
Completed 200 OK in 36ms (Views: 34.8ms | ActiveRecord: 0.0ms | Allocations: 8609)


Started DELETE "/users/sign_out" for ::1 at 2022-10-06 11:58:21 +0300
Processing by Devise::SessionsController#destroy as TURBO_STREAM
  [1m[36mUser Load (0.3ms)[0m  [1m[34mSELECT "users".* FROM "users" WHERE "users"."id" = ? ORDER BY "users"."id" ASC LIMIT ?[0m  [["id", 1], ["LIMIT", 1]]
Redirected to http://localhost:3000/
Completed 302 Found in 18ms (ActiveRecord: 0.3ms | Allocations: 3673)


Started DELETE "/" for ::1 at 2022-10-06 11:58:21 +0300
  
ActionController::RoutingError (No route matches [DELETE] "/"):
  
Started GET "/" for ::1 at 2022-10-06 11:58:22 +0300
Processing by HomeController#index as HTML
  Rendering layout layouts/application.html.erb
  Rendering home/index.html.erb within layouts/application
  Rendered home/index.html.erb within layouts/application (Duration: 0.4ms | Allocations: 138)
  Rendered layout layouts/application.html.erb (Duration: 30.0ms | Allocations: 7139)
Completed 200 OK in 31ms (Views: 30.8ms | ActiveRecord: 0.0ms | Allocations: 7449)


Started GET "/users/sign_in" for ::1 at 2022-10-06 11:58:51 +0300
Processing by Devise::SessionsController#new as HTML
  Rendering layout layouts/application.html.erb
  Rendering devise/sessions/new.html.erb within layouts/application
  Rendered devise/shared/_links.html.erb (Duration: 3.4ms | Allocations: 711)
  Rendered devise/sessions/new.html.erb within layouts/application (Duration: 16.4ms | Allocations: 2892)
  Rendered layout layouts/application.html.erb (Duration: 35.7ms | Allocations: 9169)
Completed 200 OK in 44ms (Views: 39.4ms | ActiveRecord: 0.0ms | Allocations: 11047)


Started POST "/users/sign_in" for ::1 at 2022-10-06 11:58:53 +0300
Processing by Devise::SessionsController#create as TURBO_STREAM
  Parameters: {"authenticity_token"=>"[FILTERED]", "user"=>{"email"=>"roma@gmail.com", "password"=>"[FILTERED]", "remember_me"=>"0"}, "commit"=>"Log in"}
  [1m[36mUser Load (0.4ms)[0m  [1m[34mSELECT "users".* FROM "users" WHERE "users"."email" = ? ORDER BY "users"."id" ASC LIMIT ?[0m  [["email", "roma@gmail.com"], ["LIMIT", 1]]
Redirected to http://localhost:3000/
Completed 302 Found in 420ms (ActiveRecord: 0.4ms | Allocations: 10113)


Started GET "/" for ::1 at 2022-10-06 11:58:54 +0300
Processing by HomeController#index as TURBO_STREAM
  Rendering layout layouts/application.html.erb
  Rendering home/index.html.erb within layouts/application
  Rendered home/index.html.erb within layouts/application (Duration: 0.3ms | Allocations: 143)
  Rendered layout layouts/application.html.erb (Duration: 17.1ms | Allocations: 7195)
Completed 200 OK in 18ms (Views: 17.7ms | ActiveRecord: 0.0ms | Allocations: 7535)


Started GET "/" for ::1 at 2022-10-06 13:48:56 +0300
Processing by HomeController#index as HTML
  Rendering layout layouts/application.html.erb
  Rendering home/index.html.erb within layouts/application
  Rendered home/index.html.erb within layouts/application (Duration: 2.9ms | Allocations: 358)
  Rendered layout layouts/application.html.erb (Duration: 205.9ms | Allocations: 21873)
Completed 200 OK in 219ms (Views: 217.2ms | Allocations: 22725)


Started GET "/" for ::1 at 2022-10-06 13:48:58 +0300
Processing by HomeController#index as HTML
  Rendering layout layouts/application.html.erb
  Rendering home/index.html.erb within layouts/application
  Rendered home/index.html.erb within layouts/application (Duration: 0.4ms | Allocations: 120)
  Rendered layout layouts/application.html.erb (Duration: 21.8ms | Allocations: 7005)
Completed 200 OK in 24ms (Views: 22.6ms | Allocations: 7295)


